<?xml version="1.0" encoding="UTF-8"?>
<!-- Generated by org.testng.reporters.JUnitReportReporter -->
<testsuite skipped="0" hostname="LAPTOP-6MUTJ2E2" name="TestDemo" tests="1" failures="0" timestamp="2020-12-18T09:08:50 PST" time="0.007" errors="0">
  <testcase name="testPrint" time="0.007" classname="TestDemo"/>
  <system-out/>
</testsuite> <!-- TestDemo -->
